<?xml version="1.0" encoding="UTF-8"?>
<!-- Generated by org.testng.reporters.JUnitReportReporter -->
<testsuite hostname="Prajyot-PC" failures="0" tests="1" name="com.orangeHrm.testCase.TC_LoginDDT_002" time="17.723" errors="0" timestamp="2020-03-07T10:33:34 EST" skipped="0">
  <testcase classname="com.orangeHrm.testCase.TC_LoginDDT_002" name="loginDDT" time="17.723"/>
</testsuite> <!-- com.orangeHrm.testCase.TC_LoginDDT_002 -->
